Performing C SOURCE FILE Test CMAKE_HAVE_LIBC_PTHREAD failed with the following output:
Change Dir: /home/csmajs/skang121/final-project-mgolw001-rdano001-skang121-vgondi002/CMakeFiles/CMakeTmp

Run Build Command(s):/opt/rh/devtoolset-6/root/usr/bin/gmake cmTC_40be4/fast && /opt/rh/devtoolset-6/root/usr/bin/gmake  -f CMakeFiles/cmTC_40be4.dir/build.make CMakeFiles/cmTC_40be4.dir/build
gmake[1]: Entering directory '/home/csmajs/skang121/final-project-mgolw001-rdano001-skang121-vgondi002/CMakeFiles/CMakeTmp'
Building C object CMakeFiles/cmTC_40be4.dir/src.c.o
/opt/rh/devtoolset-6/root/usr/bin/cc   -DCMAKE_HAVE_LIBC_PTHREAD   -o CMakeFiles/cmTC_40be4.dir/src.c.o   -c /home/csmajs/skang121/final-project-mgolw001-rdano001-skang121-vgondi002/CMakeFiles/CMakeTmp/src.c
Linking C executable cmTC_40be4
/usr/bin/cmake3 -E cmake_link_script CMakeFiles/cmTC_40be4.dir/link.txt --verbose=1
/opt/rh/devtoolset-6/root/usr/bin/cc  -DCMAKE_HAVE_LIBC_PTHREAD    CMakeFiles/cmTC_40be4.dir/src.c.o  -o cmTC_40be4 
CMakeFiles/cmTC_40be4.dir/src.c.o: In function `main':
src.c:(.text+0x2d): undefined reference to `pthread_create'
src.c:(.text+0x39): undefined reference to `pthread_detach'
src.c:(.text+0x45): undefined reference to `pthread_cancel'
src.c:(.text+0x56): undefined reference to `pthread_join'
src.c:(.text+0x6a): undefined reference to `pthread_atfork'
collect2: error: ld returned 1 exit status
CMakeFiles/cmTC_40be4.dir/build.make:106: recipe for target 'cmTC_40be4' failed
gmake[1]: *** [cmTC_40be4] Error 1
gmake[1]: Leaving directory '/home/csmajs/skang121/final-project-mgolw001-rdano001-skang121-vgondi002/CMakeFiles/CMakeTmp'
Makefile:141: recipe for target 'cmTC_40be4/fast' failed
gmake: *** [cmTC_40be4/fast] Error 2


Source file was:
#include <pthread.h>

void* test_func(void* data)
{
  return data;
}

int main(void)
{
  pthread_t thread;
  pthread_create(&thread, NULL, test_func, NULL);
  pthread_detach(thread);
  pthread_cancel(thread);
  pthread_join(thread, NULL);
  pthread_atfork(NULL, NULL, NULL);
  pthread_exit(NULL);

  return 0;
}

Determining if the function pthread_create exists in the pthreads failed with the following output:
Change Dir: /home/csmajs/skang121/final-project-mgolw001-rdano001-skang121-vgondi002/CMakeFiles/CMakeTmp

Run Build Command(s):/opt/rh/devtoolset-6/root/usr/bin/gmake cmTC_0d296/fast && /opt/rh/devtoolset-6/root/usr/bin/gmake  -f CMakeFiles/cmTC_0d296.dir/build.make CMakeFiles/cmTC_0d296.dir/build
gmake[1]: Entering directory '/home/csmajs/skang121/final-project-mgolw001-rdano001-skang121-vgondi002/CMakeFiles/CMakeTmp'
Building C object CMakeFiles/cmTC_0d296.dir/CheckFunctionExists.c.o
/opt/rh/devtoolset-6/root/usr/bin/cc   -DCHECK_FUNCTION_EXISTS=pthread_create   -o CMakeFiles/cmTC_0d296.dir/CheckFunctionExists.c.o   -c /usr/share/cmake3/Modules/CheckFunctionExists.c
Linking C executable cmTC_0d296
/usr/bin/cmake3 -E cmake_link_script CMakeFiles/cmTC_0d296.dir/link.txt --verbose=1
/opt/rh/devtoolset-6/root/usr/bin/cc  -DCHECK_FUNCTION_EXISTS=pthread_create    CMakeFiles/cmTC_0d296.dir/CheckFunctionExists.c.o  -o cmTC_0d296  -lpthreads 
/opt/rh/devtoolset-6/root/usr/libexec/gcc/x86_64-redhat-linux/6.3.1/ld: cannot find -lpthreads
collect2: error: ld returned 1 exit status
CMakeFiles/cmTC_0d296.dir/build.make:106: recipe for target 'cmTC_0d296' failed
gmake[1]: *** [cmTC_0d296] Error 1
gmake[1]: Leaving directory '/home/csmajs/skang121/final-project-mgolw001-rdano001-skang121-vgondi002/CMakeFiles/CMakeTmp'
Makefile:141: recipe for target 'cmTC_0d296/fast' failed
gmake: *** [cmTC_0d296/fast] Error 2



